2019-01-30 20:01:17 INFO  CreditCardRetriveController:23 - In getCreditCard : 
2019-01-30 20:01:17 INFO  CreditCardServices:52 - In getCreditCard
2019-01-30 20:01:17 INFO  CreditCardServices:54 - Exit getCreditCard
2019-01-30 20:01:22 INFO  CreditCardRetriveController:23 - In getCreditCard : 
2019-01-30 20:01:22 INFO  CreditCardServices:52 - In getCreditCard
2019-01-30 20:01:22 INFO  CreditCardServices:54 - Exit getCreditCard
2019-01-30 20:01:23 INFO  CreditCardRetriveController:23 - In getCreditCard : 
2019-01-30 20:01:23 INFO  CreditCardServices:52 - In getCreditCard
2019-01-30 20:01:23 INFO  CreditCardServices:54 - Exit getCreditCard
2019-01-30 20:01:24 INFO  CreditCardRetriveController:23 - In getCreditCard : 
2019-01-30 20:01:24 INFO  CreditCardServices:52 - In getCreditCard
2019-01-30 20:01:24 INFO  CreditCardServices:54 - Exit getCreditCard
2019-01-30 20:01:24 INFO  CreditCardRetriveController:23 - In getCreditCard : 
2019-01-30 20:01:24 INFO  CreditCardServices:52 - In getCreditCard
2019-01-30 20:01:24 INFO  CreditCardRetriveController:23 - In getCreditCard : 
2019-01-30 20:01:24 INFO  CreditCardServices:52 - In getCreditCard
2019-01-30 20:01:24 INFO  CreditCardServices:54 - Exit getCreditCard
2019-01-30 20:01:24 INFO  CreditCardServices:54 - Exit getCreditCard
2019-01-30 20:01:24 INFO  CreditCardRetriveController:23 - In getCreditCard : 
2019-01-30 20:01:24 INFO  CreditCardServices:52 - In getCreditCard
2019-01-30 20:01:24 INFO  CreditCardRetriveController:23 - In getCreditCard : 
2019-01-30 20:01:24 INFO  CreditCardServices:54 - Exit getCreditCard
2019-01-30 20:01:24 INFO  CreditCardServices:52 - In getCreditCard
2019-01-30 20:01:24 INFO  CreditCardServices:54 - Exit getCreditCard
2019-01-30 20:01:25 INFO  CreditCardRetriveController:23 - In getCreditCard : 
2019-01-30 20:01:25 INFO  CreditCardServices:52 - In getCreditCard
2019-01-30 20:01:25 INFO  CreditCardServices:54 - Exit getCreditCard
2019-01-30 20:01:25 INFO  CreditCardRetriveController:23 - In getCreditCard : 
2019-01-30 20:01:25 INFO  CreditCardServices:52 - In getCreditCard
2019-01-30 20:01:25 INFO  CreditCardServices:54 - Exit getCreditCard
2019-01-30 20:01:25 INFO  CreditCardRetriveController:23 - In getCreditCard : 
2019-01-30 20:01:25 INFO  CreditCardServices:52 - In getCreditCard
2019-01-30 20:01:25 INFO  CreditCardServices:54 - Exit getCreditCard
2019-01-30 20:02:56 INFO  CreditCardRetriveController:23 - In getCreditCard : 
2019-01-30 20:03:10 INFO  CreditCardServices:52 - In getCreditCard
2019-01-30 20:03:10 INFO  CreditCardServices:54 - Exit getCreditCard
2019-01-30 20:03:27 INFO  CreditCardRetriveController:23 - In getCreditCard : 
2019-01-30 20:03:27 INFO  CreditCardServices:52 - In getCreditCard
2019-01-30 20:03:27 INFO  CreditCardServices:54 - Exit getCreditCard
2019-01-30 20:03:29 INFO  CreditCardRetriveController:23 - In getCreditCard : 
2019-01-30 20:03:29 INFO  CreditCardServices:52 - In getCreditCard
2019-01-30 20:03:29 INFO  CreditCardServices:54 - Exit getCreditCard
2019-01-30 20:09:33 INFO  CreditCardRegistrationController:23 - In registerCreditCard
2019-01-30 20:10:49 INFO  CreditCardRegistrationController:23 - In registerCreditCard
2019-01-30 20:22:06 INFO  CreditCardRegistrationController:23 - In registerCreditCard
2019-01-30 20:22:47 INFO  CreditCardRegistrationController:23 - In registerCreditCard
2019-01-30 20:23:01 INFO  CreditCardRegistrationController:23 - In registerCreditCard
2019-01-30 20:23:03 INFO  CreditCardRegistrationController:23 - In registerCreditCard
2019-01-30 20:23:13 INFO  CreditCardRegistrationController:23 - In registerCreditCard
2019-01-30 20:23:21 INFO  CreditCardRegistrationController:23 - In registerCreditCard
2019-01-30 20:23:36 INFO  CreditCardRegistrationController:23 - In registerCreditCard
2019-01-30 20:23:36 INFO  CreditCardRegistrationController:23 - In registerCreditCard
2019-01-30 20:23:36 INFO  CreditCardRegistrationController:23 - In registerCreditCard
2019-01-30 20:23:38 INFO  CreditCardRegistrationController:23 - In registerCreditCard
2019-01-30 20:23:49 INFO  CreditCardRegistrationController:23 - In registerCreditCard
2019-01-30 20:23:59 INFO  CreditCardRegistrationController:23 - In registerCreditCard
2019-01-30 20:24:11 INFO  CreditCardRegistrationController:23 - In registerCreditCard
2019-01-30 20:24:20 INFO  CreditCardRegistrationController:23 - In registerCreditCard
2019-01-30 20:24:22 INFO  CreditCardRegistrationController:23 - In registerCreditCard
2019-01-30 20:24:33 INFO  CreditCardRegistrationController:23 - In registerCreditCard
2019-01-30 20:24:47 INFO  CreditCardRetriveController:23 - In getCreditCard : 
2019-01-30 20:24:47 INFO  CreditCardServices:52 - In getCreditCard
2019-01-30 20:24:47 INFO  CreditCardServices:54 - Exit getCreditCard
2019-01-30 20:27:21 INFO  CreditCardRetriveController:31 - In getAlldProducts with labelType : ShowWasNow
2019-01-30 20:27:21 INFO  CreditCardServices:64 - In getAllCreditCards
2019-01-30 21:16:31 INFO  CreditCardRegistrationController:23 - In registerCreditCard
2019-01-30 21:17:44 INFO  CreditCardRegistrationController:23 - In registerCreditCard
2019-01-30 21:17:47 INFO  CreditCardRegistrationController:23 - In registerCreditCard
2019-01-30 21:17:48 INFO  CreditCardRegistrationController:23 - In registerCreditCard
2019-01-30 21:17:49 INFO  CreditCardRegistrationController:23 - In registerCreditCard
2019-01-30 21:17:50 INFO  CreditCardRegistrationController:23 - In registerCreditCard
2019-01-30 21:17:51 INFO  CreditCardRegistrationController:23 - In registerCreditCard
2019-01-30 21:17:52 INFO  CreditCardRegistrationController:23 - In registerCreditCard
2019-01-30 21:18:47 INFO  CreditCardRetriveController:31 - In getAlldProducts
2019-01-30 21:18:47 INFO  CreditCardServices:65 - In getAllCreditCards
2019-01-30 21:45:57 INFO  CreditCardRetriveController:31 - In getAlldProducts
2019-01-30 21:45:57 INFO  CreditCardServices:72 - In getAllCreditCards
2019-01-30 21:47:59 INFO  CreditCardRetriveController:23 - In getCreditCard : 
2019-01-30 21:47:59 INFO  CreditCardServices:54 - In getCreditCard
2019-01-30 21:48:36 INFO  CreditCardRegistrationController:23 - In registerCreditCard
2019-01-30 21:48:37 INFO  CreditCardRegistrationController:23 - In registerCreditCard
2019-01-30 21:48:37 INFO  CreditCardRegistrationController:23 - In registerCreditCard
2019-01-30 21:48:43 INFO  CreditCardRegistrationController:23 - In registerCreditCard
2019-01-30 21:48:50 INFO  CreditCardRegistrationController:23 - In registerCreditCard
2019-01-30 21:49:05 INFO  CreditCardRegistrationController:23 - In registerCreditCard
2019-01-30 21:49:33 INFO  CreditCardRegistrationController:23 - In registerCreditCard
2019-01-30 21:49:44 INFO  CreditCardRegistrationController:23 - In registerCreditCard
2019-01-30 21:49:58 INFO  CreditCardRegistrationController:23 - In registerCreditCard
2019-01-30 21:50:12 INFO  CreditCardRegistrationController:23 - In registerCreditCard
2019-01-30 21:50:18 INFO  CreditCardRegistrationController:23 - In registerCreditCard
2019-01-30 21:50:31 INFO  CreditCardRegistrationController:23 - In registerCreditCard
2019-01-30 21:50:39 INFO  CreditCardRegistrationController:23 - In registerCreditCard
2019-01-30 21:51:00 INFO  CreditCardRetriveController:23 - In getCreditCard : 
2019-01-30 21:51:00 INFO  CreditCardServices:54 - In getCreditCard
2019-01-30 21:51:00 INFO  CreditCardServices:62 - Exit getCreditCard
2019-01-30 21:51:12 INFO  CreditCardRetriveController:23 - In getCreditCard : 
2019-01-30 21:51:12 INFO  CreditCardServices:54 - In getCreditCard
2019-01-30 21:51:12 INFO  CreditCardServices:62 - Exit getCreditCard
2019-01-30 21:51:45 INFO  CreditCardRetriveController:31 - In getAlldProducts
2019-01-30 21:51:45 INFO  CreditCardServices:72 - In getAllCreditCards
2019-01-30 21:52:35 INFO  CreditCardRegistrationController:23 - In registerCreditCard
2019-01-30 21:52:47 INFO  CreditCardRegistrationController:23 - In registerCreditCard
2019-01-30 21:52:53 INFO  CreditCardRegistrationController:23 - In registerCreditCard
2019-01-30 21:53:03 INFO  CreditCardRetriveController:23 - In getCreditCard : 
2019-01-30 21:53:03 INFO  CreditCardServices:54 - In getCreditCard
2019-01-30 21:53:03 INFO  CreditCardServices:62 - Exit getCreditCard
2019-01-30 21:53:13 INFO  CreditCardRetriveController:23 - In getCreditCard : 
2019-01-30 21:53:13 INFO  CreditCardServices:54 - In getCreditCard
2019-01-30 21:53:22 INFO  CreditCardRetriveController:23 - In getCreditCard : 
2019-01-30 21:53:22 INFO  CreditCardServices:54 - In getCreditCard
2019-01-30 21:53:22 INFO  CreditCardServices:62 - Exit getCreditCard
2019-01-30 21:53:30 INFO  CreditCardRetriveController:31 - In getAlldProducts
2019-01-30 21:53:30 INFO  CreditCardServices:72 - In getAllCreditCards
2019-02-01 12:02:30 INFO  CreditCardRetriveController:31 - In getAlldProducts
2019-02-01 12:02:30 INFO  CreditCardServices:72 - In getAllCreditCards
2019-02-03 10:08:32 INFO  FileSearchController:25 - In searchFileAndNumberOfWordInIt
2019-02-03 10:47:46 INFO  FileSearchInFilter:24 - ########## Initiating CustomURLFilter filter ##########
2019-02-03 10:48:19 INFO  FileSearchInFilter:35 - This Filter is only called when request is mapped for /customer resource
2019-02-03 10:49:11 INFO  FileSearchInFilter:35 - This Filter is only called when request is mapped for /customer resource
2019-02-03 10:49:13 INFO  FileSearchInFilter:35 - This Filter is only called when request is mapped for /customer resource
2019-02-03 10:49:14 INFO  FileSearchInFilter:35 - This Filter is only called when request is mapped for /customer resource
2019-02-03 10:49:15 INFO  FileSearchInFilter:35 - This Filter is only called when request is mapped for /customer resource
2019-02-03 11:18:06 INFO  FileSearchInFilter:24 - ########## Initiating CustomURLFilter filter ##########
2019-02-03 11:18:24 INFO  FileSearchInFilter:35 - This Filter is only called when request is mapped for /customer resource
2019-02-03 11:19:17 INFO  FileSearchInFilter:35 - This Filter is only called when request is mapped for /customer resource
2019-02-03 11:19:17 INFO  FileSearchController:20 - In searchFileAndNumberOfWordInIt
2019-02-03 11:19:53 INFO  FileSearchInFilter:35 - This Filter is only called when request is mapped for /customer resource
2019-02-03 11:19:53 INFO  FileSearchController:20 - In searchFileAndNumberOfWordInIt
2019-02-03 11:27:47 INFO  FileSearchOutFilter:24 - Initiating FileSearchOutFilter filter
2019-02-03 11:27:47 INFO  FileSearchInFilter:24 - ########## Initiating CustomURLFilter filter ##########
2019-02-03 11:27:55 INFO  FileSearchInFilter:35 - This Filter is only called when request is mapped for /customer resource
2019-02-03 11:27:55 INFO  FileSearchOutFilter:34 - This Filter is only called when request is mapped for /customer resource
2019-02-03 11:27:55 INFO  FileSearchController:20 - In searchFileAndNumberOfWordInIt
2019-02-03 11:28:05 INFO  FileSearchInFilter:35 - This Filter is only called when request is mapped for /customer resource
2019-02-03 11:28:05 INFO  FileSearchOutFilter:34 - This Filter is only called when request is mapped for /customer resource
2019-02-03 11:28:05 INFO  FileSearchController:20 - In searchFileAndNumberOfWordInIt
2019-02-03 14:09:34 INFO  FileSearchOutFilter:24 - Initiating FileSearchOutFilter filter
2019-02-03 14:09:34 INFO  FileSearchInFilter:24 - ########## Initiating CustomURLFilter filter ##########
2019-02-03 14:09:50 INFO  FileSearchInFilter:35 - This Filter is only called when request is mapped for /customer resource
2019-02-03 14:09:50 INFO  FileSearchOutFilter:34 - This Filter is only called when request is mapped for /customer resource
2019-02-03 14:09:50 INFO  FileSearchController:20 - In searchFileAndNumberOfWordInIt
2019-02-03 14:11:00 INFO  FileSearchInFilter:35 - This Filter is only called when request is mapped for /customer resource
2019-02-03 14:11:00 INFO  FileSearchOutFilter:34 - This Filter is only called when request is mapped for /customer resource
2019-02-03 14:11:00 INFO  FileSearchController:20 - In searchFileAndNumberOfWordInIt
2019-02-03 14:11:02 INFO  FileSearchInFilter:35 - This Filter is only called when request is mapped for /customer resource
2019-02-03 14:11:02 INFO  FileSearchOutFilter:34 - This Filter is only called when request is mapped for /customer resource
2019-02-03 14:11:02 INFO  FileSearchController:20 - In searchFileAndNumberOfWordInIt
2019-02-03 14:24:40 INFO  FileSearchOutFilter:24 - Initiating FileSearchOutFilter filter
2019-02-03 14:24:40 INFO  FileSearchInFilter:24 - ########## Initiating CustomURLFilter filter ##########
2019-02-03 14:25:04 INFO  FileSearchInFilter:35 - This Filter is only called when request is mapped for /customer resource
2019-02-03 14:25:04 INFO  FileSearchOutFilter:34 - This Filter is only called when request is mapped for /customer resource
2019-02-03 14:25:04 INFO  FileSearchController:20 - In searchFileAndNumberOfWordInIt
2019-02-03 14:29:30 INFO  FileSearchInFilter:35 - This Filter is only called when request is mapped for /customer resource
2019-02-03 14:29:30 INFO  FileSearchOutFilter:34 - This Filter is only called when request is mapped for /customer resource
2019-02-03 14:31:21 INFO  FileSearchInFilter:35 - This Filter is only called when request is mapped for /customer resource
2019-02-03 14:31:21 INFO  FileSearchOutFilter:34 - This Filter is only called when request is mapped for /customer resource
2019-02-03 14:31:21 INFO  FileSearchController:20 - In searchFileAndNumberOfWordInIt
2019-02-03 14:32:34 INFO  FileSearchOutFilter:24 - Initiating FileSearchOutFilter filter
2019-02-03 14:32:34 INFO  FileSearchInFilter:24 - ########## Initiating CustomURLFilter filter ##########
2019-02-03 14:32:42 INFO  FileSearchInFilter:35 - This Filter is only called when request is mapped for /customer resource
2019-02-03 14:32:42 INFO  FileSearchOutFilter:34 - This Filter is only called when request is mapped for /customer resource
2019-02-03 14:32:42 INFO  FileSearchController:20 - In searchFileAndNumberOfWordInIt
2019-02-03 14:36:09 INFO  FileSearchOutFilter:24 - Initiating FileSearchOutFilter filter
2019-02-03 14:36:09 INFO  FileSearchInFilter:24 - ########## Initiating CustomURLFilter filter ##########
2019-02-03 14:36:16 INFO  FileSearchInFilter:35 - This Filter is only called when request is mapped for /customer resource
2019-02-03 14:36:16 INFO  FileSearchOutFilter:34 - This Filter is only called when request is mapped for /customer resource
2019-02-03 14:36:16 INFO  FileSearchController:20 - In searchFileAndNumberOfWordInIt
2019-02-03 18:04:46 INFO  FileSearchOutFilter:24 - Initiating FileSearchOutFilter filter
2019-02-03 18:04:46 INFO  FileSearchInFilter:24 - ########## Initiating CustomURLFilter filter ##########
2019-02-03 18:04:53 INFO  FileSearchInFilter:35 - This Filter is only called when request is mapped for /customer resource
2019-02-03 18:04:53 INFO  FileSearchOutFilter:34 - This Filter is only called when request is mapped for /customer resource
2019-02-03 18:04:53 INFO  FileSearchController:20 - In searchFileAndNumberOfWordInIt
2019-02-03 18:07:29 INFO  FileSearchInFilter:35 - This Filter is only called when request is mapped for /customer resource
2019-02-03 18:07:29 INFO  FileSearchOutFilter:34 - This Filter is only called when request is mapped for /customer resource
2019-02-03 18:07:29 INFO  FileSearchController:20 - In searchFileAndNumberOfWordInIt
2019-02-03 18:08:23 INFO  FileSearchInFilter:35 - This Filter is only called when request is mapped for /customer resource
2019-02-03 18:08:23 INFO  FileSearchOutFilter:34 - This Filter is only called when request is mapped for /customer resource
2019-02-03 18:08:23 INFO  FileSearchController:20 - In searchFileAndNumberOfWordInIt
2019-02-03 18:14:08 INFO  FileSearchOutFilter:24 - Initiating FileSearchOutFilter filter
2019-02-03 18:14:08 INFO  FileSearchInFilter:24 - ########## Initiating CustomURLFilter filter ##########
2019-02-03 18:14:14 INFO  FileSearchInFilter:35 - This Filter is only called when request is mapped for /customer resource
2019-02-03 18:14:14 INFO  FileSearchOutFilter:34 - This Filter is only called when request is mapped for /customer resource
2019-02-03 18:14:14 INFO  FileSearchController:20 - In searchFileAndNumberOfWordInIt
2019-02-03 18:30:51 INFO  FileSearchOutFilter:24 - Initiating FileSearchOutFilter filter
2019-02-03 18:30:51 INFO  FileSearchInFilter:24 - ########## Initiating CustomURLFilter filter ##########
2019-02-03 18:30:57 INFO  FileSearchInFilter:35 - This Filter is only called when request is mapped for /customer resource
2019-02-03 18:30:57 INFO  FileSearchOutFilter:34 - This Filter is only called when request is mapped for /customer resource
2019-02-03 18:30:57 INFO  FileSearchController:20 - In searchFileAndNumberOfWordInIt
2019-02-03 18:31:51 INFO  FileSearchInFilter:35 - This Filter is only called when request is mapped for /customer resource
2019-02-03 18:31:51 INFO  FileSearchOutFilter:34 - This Filter is only called when request is mapped for /customer resource
2019-02-03 18:31:51 INFO  FileSearchController:20 - In searchFileAndNumberOfWordInIt
2019-02-03 18:32:58 INFO  FileSearchInFilter:35 - This Filter is only called when request is mapped for /customer resource
2019-02-03 18:32:58 INFO  FileSearchOutFilter:34 - This Filter is only called when request is mapped for /customer resource
2019-02-03 18:32:58 INFO  FileSearchController:20 - In searchFileAndNumberOfWordInIt
2019-02-03 18:38:07 INFO  FileSearchInFilter:35 - This Filter is only called when request is mapped for /customer resource
2019-02-03 18:38:07 INFO  FileSearchOutFilter:34 - This Filter is only called when request is mapped for /customer resource
2019-02-03 18:40:47 INFO  FileSearchInFilter:35 - This Filter is only called when request is mapped for /customer resource
2019-02-03 18:40:47 INFO  FileSearchOutFilter:34 - This Filter is only called when request is mapped for /customer resource
2019-02-03 18:40:47 INFO  FileSearchController:20 - In searchFileAndNumberOfWordInIt
2019-02-03 18:41:49 INFO  FileSearchInFilter:35 - This Filter is only called when request is mapped for /customer resource
2019-02-03 18:41:49 INFO  FileSearchOutFilter:34 - This Filter is only called when request is mapped for /customer resource
2019-02-03 18:42:42 INFO  FileSearchInFilter:35 - This Filter is only called when request is mapped for /customer resource
2019-02-03 18:42:42 INFO  FileSearchOutFilter:34 - This Filter is only called when request is mapped for /customer resource
2019-02-03 18:42:42 INFO  FileSearchController:20 - In searchFileAndNumberOfWordInIt
2019-02-03 21:10:29 INFO  FileSearchInFilter:35 - This Filter is only called when request is mapped for /customer resource
2019-02-03 21:10:29 INFO  FileSearchOutFilter:34 - This Filter is only called when request is mapped for /customer resource
2019-02-04 14:51:56 INFO  FileSearchOutFilter:24 - Initiating FileSearchOutFilter filter
2019-02-04 14:51:56 INFO  FileSearchInFilter:24 - ########## Initiating CustomURLFilter filter ##########
2019-02-04 14:52:04 INFO  FileSearchInFilter:35 - This Filter is only called when request is mapped for /customer resource
2019-02-04 14:52:04 INFO  FileSearchOutFilter:34 - This Filter is only called when request is mapped for /customer resource
2019-02-04 14:52:04 INFO  FileSearchController:22 - In searchFileAndNumberOfWordInIt
2019-02-04 15:03:01 INFO  FileSearchInFilter:35 - This Filter is only called when request is mapped for /customer resource
2019-02-04 15:03:01 INFO  FileSearchOutFilter:34 - This Filter is only called when request is mapped for /customer resource
2019-02-04 15:03:01 INFO  FileSearchController:22 - In searchFileAndNumberOfWordInIt
2019-02-04 18:27:54 INFO  FileSearchOutFilter:23 - Initiating FileSearchOutFilter filter
2019-02-04 18:27:54 INFO  FileSearchInFilter:23 - Initiating FileSearchInFilter filter
2019-02-04 18:28:12 INFO  FileSearchController:22 - In searchFileAndNumberOfWordInIt
2019-02-04 18:28:13 INFO  FileSearchController:22 - In searchFileAndNumberOfWordInIt
2019-02-04 18:28:21 INFO  FileSearchController:22 - In searchFileAndNumberOfWordInIt
2019-02-04 18:39:53 INFO  FileSearchOutFilter:23 - Initiating FileSearchOutFilter filter
2019-02-04 18:39:53 INFO  FileSearchInFilter:23 - Initiating FileSearchInFilter filter
2019-02-04 18:40:15 INFO  FileSearchController:23 - In searchFileAndNumberOfWordInIt
2019-02-04 18:40:27 INFO  FileSearchController:23 - In searchFileAndNumberOfWordInIt
2019-02-04 18:46:57 INFO  FileSearchOutFilter:23 - Initiating FileSearchOutFilter filter
2019-02-04 18:46:57 INFO  FileSearchInFilter:23 - Initiating FileSearchInFilter filter
2019-02-04 18:47:14 INFO  FileSearchController:23 - In searchFileAndNumberOfWordInIt
2019-02-04 18:47:24 INFO  FileSearchController:23 - In searchFileAndNumberOfWordInIt
2019-02-04 18:50:48 INFO  FileSearchOutFilter:23 - Initiating FileSearchOutFilter filter
2019-02-04 18:50:48 INFO  FileSearchInFilter:23 - Initiating FileSearchInFilter filter
2019-02-04 18:51:00 INFO  FileSearchController:23 - In searchFileAndNumberOfWordInIt
2019-02-04 18:51:08 INFO  FileSearchController:23 - In searchFileAndNumberOfWordInIt
2019-02-05 13:53:01 INFO  FileSearchOutFilter:23 - Initiating FileSearchOutFilter filter
2019-02-05 13:53:01 INFO  FileSearchInFilter:23 - Initiating FileSearchInFilter filter
2019-02-05 13:53:26 INFO  FileSearchController:24 - In searchFileAndNumberOfWordInIt
2019-02-05 13:58:01 INFO  FileSearchOutFilter:23 - Initiating FileSearchOutFilter filter
2019-02-05 13:58:01 INFO  FileSearchInFilter:23 - Initiating FileSearchInFilter filter
2019-02-05 13:58:45 INFO  FileSearchController:24 - In searchFileAndNumberOfWordInIt
2019-02-05 14:00:24 INFO  FileSearchController:24 - In searchFileAndNumberOfWordInIt
2019-02-05 14:01:36 INFO  FileSearchController:24 - In searchFileAndNumberOfWordInIt
2019-02-05 14:02:52 INFO  FileSearchController:24 - In searchFileAndNumberOfWordInIt
2019-02-05 14:04:14 INFO  FileSearchController:24 - In searchFileAndNumberOfWordInIt
2019-02-05 14:04:41 INFO  FileSearchController:24 - In searchFileAndNumberOfWordInIt
2019-02-07 22:31:40 INFO  FileSearchInFilter:29 - Initiating FileSearchInFilter filter
